#
# There is insufficient memory for the Java Runtime Environment to continue.
# Native memory allocation (malloc) failed to allocate 32744 bytes for ChunkPool::allocate
# Possible reasons:
#   The system is out of physical RAM or swap space
#   In 32 bit mode, the process size limit was hit
# Possible solutions:
#   Reduce memory load on the system
#   Increase physical memory or swap space
#   Check if swap backing store is full
#   Use 64 bit Java on a 64 bit OS
#   Decrease Java heap size (-Xmx/-Xms)
#   Decrease number of Java threads
#   Decrease Java thread stack sizes (-Xss)
#   Set larger code cache with -XX:ReservedCodeCacheSize=
# This output file may be truncated or incomplete.
#
#  Out of Memory Error (allocation.cpp:273), pid=9752, tid=10224
#
# JRE version: Java(TM) SE Runtime Environment (8.0_66-b18) (build 1.8.0_66-b18)
# Java VM: Java HotSpot(TM) 64-Bit Server VM (25.66-b18 mixed mode windows-amd64 compressed oops)
# Failed to write core dump. Minidumps are not enabled by default on client versions of Windows
#

---------------  T H R E A D  ---------------

Current thread (0x0000000014f2c800):  JavaThread "C1 CompilerThread2" daemon [_thread_in_native, id=10224, stack(0x0000000016720000,0x0000000016820000)]

Stack: [0x0000000016720000,0x0000000016820000]
[error occurred during error reporting (printing stack bounds), id 0xc0000005]

Native frames: (J=compiled Java code, j=interpreted, Vv=VM code, C=native code)


Current CompileTask:
C1:   1208  168       3       jdk.internal.org.objectweb.asm.Frame::execute (2252 bytes)


---------------  P R O C E S S  ---------------

Java Threads: ( => current thread )
  0x0000000016826000 JavaThread "Service Thread" daemon [_thread_blocked, id=3776, stack(0x0000000016c20000,0x0000000016d20000)]
=>0x0000000014f2c800 JavaThread "C1 CompilerThread2" daemon [_thread_in_native, id=10224, stack(0x0000000016720000,0x0000000016820000)]
  0x0000000014f29800 JavaThread "C2 CompilerThread1" daemon [_thread_blocked, id=2372, stack(0x0000000016620000,0x0000000016720000)]
  0x0000000014eca000 JavaThread "C2 CompilerThread0" daemon [_thread_blocked, id=9848, stack(0x0000000016520000,0x0000000016620000)]
  0x0000000014ec9000 JavaThread "Attach Listener" daemon [_thread_blocked, id=2436, stack(0x0000000016420000,0x0000000016520000)]
  0x0000000014ec8000 JavaThread "Signal Dispatcher" daemon [_thread_blocked, id=3848, stack(0x0000000016320000,0x0000000016420000)]
  0x0000000002866800 JavaThread "Finalizer" daemon [_thread_blocked, id=7232, stack(0x0000000016130000,0x0000000016230000)]
  0x0000000014e99000 JavaThread "Reference Handler" daemon [_thread_blocked, id=8152, stack(0x0000000016030000,0x0000000016130000)]
  0x0000000002770800 JavaThread "main" [_thread_in_vm, id=4288, stack(0x0000000002650000,0x0000000002750000)]

Other Threads:
  0x0000000014e97800 VMThread [stack: 0x0000000015f30000,0x0000000016030000] [id=3764]
  0x0000000016829000 WatcherThread [stack: 0x0000000016d20000,0x0000000016e20000] [id=4888]

VM state:not at safepoint (normal execution)

VM Mutex/Monitor currently owned by a thread: None

Heap:
 PSYoungGen      total 18944K, used 2294K [0x00000000eaf00000, 0x00000000ec400000, 0x0000000100000000)
  eden space 16384K, 14% used [0x00000000eaf00000,0x00000000eb13d938,0x00000000ebf00000)
  from space 2560K, 0% used [0x00000000ec180000,0x00000000ec180000,0x00000000ec400000)
  to   space 2560K, 0% used [0x00000000ebf00000,0x00000000ebf00000,0x00000000ec180000)
 ParOldGen       total 44032K, used 0K [0x00000000c0c00000, 0x00000000c3700000, 0x00000000eaf00000)
  object space 44032K, 0% used [0x00000000c0c00000,0x00000000c0c00000,0x00000000c3700000)
 Metaspace       used 4332K, capacity 4780K, committed 4992K, reserved 1056768K
  class space    used 497K, capacity 569K, committed 640K, reserved 1048576K

Card table byte_map: [0x0000000011c30000,0x0000000011e30000] byte_map_base: 0x000000001162a000

Marking Bits: (ParMarkBitMap*) 0x00000000615ca5b0
 Begin Bits: [0x0000000012390000, 0x0000000013360000)
 End Bits:   [0x0000000013360000, 0x0000000014330000)

Polling page: 0x0000000000e90000

CodeCache: size=245760Kb used=1353Kb max_used=1353Kb free=244406Kb
 bounds [0x0000000002870000, 0x0000000002ae0000, 0x0000000011870000]
 total_blobs=433 nmethods=169 adapters=177
 compilation: enabled

Compilation events (10 events):
Event: 1.148 Thread 0x0000000014f2c800 nmethod 159 0x00000000029badd0 code [0x00000000029bafc0, 0x00000000029bb8b0]
Event: 1.149 Thread 0x0000000014f2c800  160       1       java.lang.invoke.MethodHandle::type (5 bytes)
Event: 1.149 Thread 0x0000000014f2c800 nmethod 160 0x00000000029bbc90 code [0x00000000029bbde0, 0x00000000029bbef0]
Event: 1.149 Thread 0x0000000014f2c800  161       3       jdk.internal.org.objectweb.asm.Item::isEqualTo (354 bytes)
Event: 1.151 Thread 0x0000000014f2c800 nmethod 161 0x00000000029bc0d0 code [0x00000000029bc300, 0x00000000029bcfc8]
Event: 1.151 Thread 0x0000000014f2c800  163       3       jdk.internal.org.objectweb.asm.Type::getArgumentsAndReturnSizes (151 bytes)
Event: 1.154 Thread 0x0000000014f2c800 nmethod 163 0x00000000029bd690 code [0x00000000029bd8c0, 0x00000000029be638]
Event: 1.154 Thread 0x0000000014f2c800  164       3       java.lang.invoke.InvokerBytecodeGenerator::isStaticallyNameable (116 bytes)
Event: 1.160 Thread 0x0000000014f2c800 nmethod 164 0x00000000029befd0 code [0x00000000029bf340, 0x00000000029c1418]
Event: 1.160 Thread 0x0000000014f2c800  168       3       jdk.internal.org.objectweb.asm.Frame::execute (2252 bytes)

GC Heap History (0 events):
No events

Deoptimization events (0 events):
No events

Internal exceptions (7 events):
Event: 0.196 Thread 0x0000000002770800 Exception <a 'java/lang/NoSuchMethodError': Method sun.misc.Unsafe.defineClass(Ljava/lang/String;[BII)Ljava/lang/Class; name or signature does not match> (0x00000000eaf0d0f0) thrown at [C:\re\workspace\8-2-build-windows-amd64-cygwin\jdk8u66\5298\hotspot\srzÍ“%-…?
Event: 0.197 Thread 0x0000000002770800 Exception <a 'java/lang/NoSuchMethodError': Method sun.misc.Unsafe.prefetchRead(Ljava/lang/Object;J)V name or signature does not match> (0x00000000eaf0d3d8) thrown at [C:\re\workspace\8-2-build-windows-amd64-cygwin\jdk8u66\5298\hotspot\src\share\vm\prims\jú»è°ÔÎ?
Event: 0.873 Thread 0x0000000002770800 Exception <a 'java/security/PrivilegedActionException'> (0x00000000eafe4738) thrown at [C:\re\workspace\8-2-build-windows-amd64-cygwin\jdk8u66\5298\hotspot\src\share\vm\prims\jvm.cpp, line 1386]
Event: 0.873 Thread 0x0000000002770800 Exception <a 'java/security/PrivilegedActionException'> (0x00000000eafe4948) thrown at [C:\re\workspace\8-2-build-windows-amd64-cygwin\jdk8u66\5298\hotspot\src\share\vm\prims\jvm.cpp, line 1386]
Event: 0.880 Thread 0x0000000002770800 Exception <a 'java/security/PrivilegedActionException'> (0x00000000eafe8790) thrown at [C:\re\workspace\8-2-build-windows-amd64-cygwin\jdk8u66\5298\hotspot\src\share\vm\prims\jvm.cpp, line 1386]
Event: 0.880 Thread 0x0000000002770800 Exception <a 'java/security/PrivilegedActionException'> (0x00000000eafe89a0) thrown at [C:\re\workspace\8-2-build-windows-amd64-cygwin\jdk8u66\5298\hotspot\src\share\vm\prims\jvm.cpp, line 1386]
Event: 0.920 Thread 0x0000000002770800 Exception <a 'java/io/FileNotFoundException'> (0x00000000eafead78) thrown at [C:\re\workspace\8-2-build-windows-amd64-cygwin\jdk8u66\5298\hotspot\src\share\vm\prims\jni.cpp, line 709]

Events (10 events):
Event: 1.103 loading class java/lang/invoke/MethodHandleImpl$AsVarargsCollector
Event: 1.103 loading class java/lang/invoke/DelegatingMethodHandle
Event: 1.103 loading class java/lang/invoke/DelegatingMethodHandle done
Event: 1.103 loading class java/lang/invoke/MethodHandleImpl$AsVarargsCollector done
Event: 1.105 loading class java/lang/invoke/WrongMethodTypeException
Event: 1.105 loading class java/lang/invoke/WrongMethodTypeException done
Event: 1.111 loading class java/lang/invoke/MethodHandleImpl$Lazy
Event: 1.111 loading class java/lang/invoke/MethodHandleImpl$Lazy done
Event: 1.112 loading class java/lang/invoke/MethodHandleImpl$IntrinsicMethodHandle
Event: 1.112 loading class java/lang/invoke/MethodHandleImpl$IntrinsicMethodHandle done


Dynamic libraries:
0x00007ff692cf0000 - 0x00007ff692d27000 	C:\Program Files\Java\jdk1.8.0_66\bin\java.exe
0x00007ff98e840000 - 0x00007ff98ea11000 	C:\Windows\SYSTEM32\ntdll.dll
0x00007ff98c990000 - 0x00007ff98ca3b000 	C:\Windows\System32\KERNEL32.DLL
0x00007ff98bb50000 - 0x00007ff98bd6d000 	C:\Windows\System32\KERNELBASE.dll
0x00007ff98e390000 - 0x00007ff98e432000 	C:\Windows\System32\ADVAPI32.dll
0x00007ff98cbd0000 - 0x00007ff98cc6e000 	C:\Windows\System32\msvcrt.dll
0x00007ff98c590000 - 0x00007ff98c5e9000 	C:\Windows\System32\sechost.dll
0x00007ff98ca40000 - 0x00007ff98cb61000 	C:\Windows\System32\RPCRT4.dll
0x00007ff98e470000 - 0x00007ff98e5d5000 	C:\Windows\System32\USER32.dll
0x00007ff98b8b0000 - 0x00007ff98b8ce000 	C:\Windows\System32\win32u.dll
0x00007ff98c200000 - 0x00007ff98c234000 	C:\Windows\System32\GDI32.dll
0x00007ff98b8d0000 - 0x00007ff98ba52000 	C:\Windows\System32\gdi32full.dll
0x00007ff97eeb0000 - 0x00007ff97f129000 	C:\Windows\WinSxS\amd64_microsoft.windows.common-controls_6595b64144ccf1df_6.0.14393.447_none_42191651c6827bb3\COMCTL32.dll
0x00007ff98c2b0000 - 0x00007ff98c578000 	C:\Windows\System32\combase.dll
0x00007ff98ad30000 - 0x00007ff98ae25000 	C:\Windows\System32\ucrtbase.dll
0x00007ff98af90000 - 0x00007ff98affa000 	C:\Windows\System32\bcryptPrimitives.dll
0x00007ff98e440000 - 0x00007ff98e46e000 	C:\Windows\System32\IMM32.DLL
0x0000000060ce0000 - 0x0000000060db2000 	C:\Program Files\Java\jdk1.8.0_66\jre\bin\msvcr100.dll
0x0000000060dc0000 - 0x0000000061649000 	C:\Program Files\Java\jdk1.8.0_66\jre\bin\server\jvm.dll
0x00007ff98e380000 - 0x00007ff98e388000 	C:\Windows\System32\PSAPI.DLL
0x00007ff983b70000 - 0x00007ff983b79000 	C:\Windows\SYSTEM32\WSOCK32.dll
0x00007ff98c240000 - 0x00007ff98c2aa000 	C:\Windows\System32\WS2_32.dll
0x00007ff988cc0000 - 0x00007ff988ce3000 	C:\Windows\SYSTEM32\WINMM.dll
0x00007ff9866a0000 - 0x00007ff9866aa000 	C:\Windows\SYSTEM32\VERSION.dll
0x00007ff988c90000 - 0x00007ff988cbb000 	C:\Windows\SYSTEM32\WINMMBASE.dll
0x00007ff98bb00000 - 0x00007ff98bb42000 	C:\Windows\System32\cfgmgr32.dll
0x0000000060c90000 - 0x0000000060c9f000 	C:\Program Files\Java\jdk1.8.0_66\jre\bin\verify.dll
0x0000000060c60000 - 0x0000000060c89000 	C:\Program Files\Java\jdk1.8.0_66\jre\bin\java.dll
0x0000000060c40000 - 0x0000000060c56000 	C:\Program Files\Java\jdk1.8.0_66\jre\bin\zip.dll
0x00007ff98cc70000 - 0x00007ff98e179000 	C:\Windows\System32\SHELL32.dll
0x00007ff98b1d0000 - 0x00007ff98b8aa000 	C:\Windows\System32\windows.storage.dll
0x00007ff98acc0000 - 0x00007ff98ad0c000 	C:\Windows\System32\powrprof.dll
0x00007ff98cb70000 - 0x00007ff98cbc2000 	C:\Windows\System32\shlwapi.dll
0x00007ff98aca0000 - 0x00007ff98acaf000 	C:\Windows\System32\kernel.appcore.dll
0x00007ff98aee0000 - 0x00007ff98af89000 	C:\Windows\System32\shcore.dll
0x00007ff98ad10000 - 0x00007ff98ad24000 	C:\Windows\System32\profapi.dll
0x0000000060980000 - 0x0000000060b18000 	C:\Program Files\Java\jdk1.8.0_66\jre\bin\awt.dll
0x00007ff98c7d0000 - 0x00007ff98c88f000 	C:\Windows\System32\OLEAUT32.dll
0x00007ff98ba60000 - 0x00007ff98bafc000 	C:\Windows\System32\msvcp_win.dll
0x00007ff989350000 - 0x00007ff9893ca000 	C:\Windows\SYSTEM32\apphelp.dll

VM Arguments:
jvm_args: -Dfile.encoding=UTF-8 
java_command: employee.management.login
java_class_path (initial): F:\SUST-CSE\Development\Employee Management\sqlitejdbc-0.5.4.jar\sqlitejdbc-0.5.4.jar;F:\SUST-CSE\Development\Employee Management\jar file\rs2xml.jar;F:\SUST-CSE\Development\Employee Management\build\classes
Launcher Type: SUN_STANDARD

Environment Variables:
PATH=c:\Program Files (x86)\AMD APP\bin\x86_64;c:\Program Files (x86)\AMD APP\bin\x86;C:\ProgramData\Oracle\Java\javapath;C:\Windows\system32;C:\Windows;C:\Windows\System32\Wbem;C:\Windows\System32\WindowsPowerShell\v1.0\;c:\Program Files (x86)\ATI Technologies\ATI.ACE\Core-Static;C:\Program Files (x86)\ATI Technologies\ATI.ACE\Core-Static;C:\Program Files\Java\jdk1.8.0_66\bin;%USERPROFILE%\AppData\Local\Microsoft\WindowsApps;
USERNAME=PRINCE
OS=Windows_NT
PROCESSOR_IDENTIFIER=Intel64 Family 6 Model 42 Stepping 7, GenuineIntel



---------------  S Y S T E M  ---------------

OS: Windows 10.0 , 64 bit Build 14393 (10.0.14393.0)

CPU:total 4 (2 cores per cpu, 2 threads per core) family 6 model 42 stepping 7, cmov, cx8, fxsr, mmx, sse, sse2, sse3, ssse3, sse4.1, sse4.2, popcnt, avx, aes, clmul, ht, tsc, tscinvbit

Memory: 4k page, physical 4140908k(1132412k free), swap 13845736k(4120k free)

vm_info: Java HotSpot(TM) 64-Bit Server VM (25.66-b18) for windows-amd64 JRE (1.8.0_66-b18), built on Nov  9 2015 10:51:13 by "java_re" with MS VC++ 10.0 (VS2010)

time: Sun Feb 19 23:57:33 2017
elapsed time: 1 seconds (0d 0h 0m 1s)

